<?xml version="1.0" encoding="UTF-8"?>
<!-- Generated by org.testng.reporters.JUnitReportReporter -->
<testsuite hostname="erincon" name="EdRincon.GitTest.App" tests="1" failures="0" timestamp="3 May 2016 05:43:30 GMT" time="11.360" errors="0">
  <testcase name="tutorial" time="11.360" classname="EdRincon.GitTest.App"/>
</testsuite> <!-- EdRincon.GitTest.App -->
