<?xml version="1.0" encoding="UTF-8"?>
<!-- Generated by org.testng.reporters.JUnitReportReporter -->
<testsuite hostname="erincon" name="EdRincon.GitTest.App" tests="1" failures="0" timestamp="3 May 2016 05:25:42 GMT" time="15.106" errors="0">
  <testcase name="tutorial" time="15.106" classname="EdRincon.GitTest.App"/>
</testsuite> <!-- EdRincon.GitTest.App -->
